d:\git code\-c-_syl\58_c++\58_c++\debug\vc142.pdb
d:\git code\-c-_syl\58_c++\58_c++\debug\vc142.idb
d:\git code\-c-_syl\58_c++\58_c++\debug\11.3.1.obj
d:\git code\-c-_syl\58_c++\58_c++\debug\11.22.obj
d:\git code\-c-_syl\58_c++\58_c++\debug\11.20.obj
d:\git code\-c-_syl\58_c++\58_c++\debug\11.2.1.obj
d:\git code\-c-_syl\58_c++\58_c++\debug\11.2.2.obj
d:\git code\-c-_syl\58_c++\58_c++\debug\11.10.obj
d:\git code\-c-_syl\58_c++\58_c++\debug\10_20.obj
d:\git code\-c-_syl\58_c++\58_c++\debug\10_18.obj
d:\git code\-c-_syl\58_c++\58_c++\debug\10_17.obj
d:\git code\-c-_syl\58_c++\58_c++\debug\10_14.obj
d:\git code\-c-_syl\58_c++\58_c++\debug\10_12.obj
d:\git code\-c-_syl\58_c++\58_c++\debug\10_11.obj
d:\git code\-c-_syl\58_c++\58_c++\debug\10.27.obj
d:\git code\-c-_syl\58_c++\58_c++\debug\10.26.obj
d:\git code\-c-_syl\58_c++\58_c++\debug\10.22.obj
d:\git code\-c-_syl\58_c++\58_c++\debug\0929_58.obj
d:\git code\-c-_syl\58_c++\58_c++\debug\0924_58.obj
d:\git code\-c-_syl\58_c++\58_c++\debug\0922_58.obj
d:\git code\-c-_syl\58_c++\58_c++\debug\0921_58.obj
d:\git code\-c-_syl\58_c++\58_c++\debug\0917_58.obj
d:\git code\-c-_syl\58_c++\58_c++\debug\test_person.obj
d:\git code\-c-_syl\58_c++\58_c++\debug\11.9.obj
d:\git code\-c-_syl\58_c++\58_c++\debug\10_22_c.obj
d:\git code\-c-_syl\58_c++\debug\58_c++.ilk
d:\git code\-c-_syl\58_c++\debug\58_c++.exe
d:\git code\-c-_syl\58_c++\debug\58_c++.pdb
d:\git code\-c-_syl\58_c++\58_c++\debug\58_c++.tlog\cl.command.1.tlog
d:\git code\-c-_syl\58_c++\58_c++\debug\58_c++.tlog\cl.read.1.tlog
d:\git code\-c-_syl\58_c++\58_c++\debug\58_c++.tlog\cl.write.1.tlog
d:\git code\-c-_syl\58_c++\58_c++\debug\58_c++.tlog\link.command.1.tlog
d:\git code\-c-_syl\58_c++\58_c++\debug\58_c++.tlog\link.read.1.tlog
d:\git code\-c-_syl\58_c++\58_c++\debug\58_c++.tlog\link.write.1.tlog
